16 0 3 5 6 7 12 15 21 30 61 82 93 94 127 132 174
13 10 27 39 55 59 60 75 95 121 140 173 180 206
14 48 50 71 78 79 85 133 136 163 189 201 214 256 273
12 68 73 98 106 129 148 154 208 216 218 224 283
12 89 101 112 146 156 176 203 227 233 249 278 281
10 111 152 160 213 215 248 259 272 290 296
5 155 157 170 237 260
5 177 182 204 228 294
4 192 196 207 217
3 205 209 241
2 223 244
2 242 271
2 265 282
1 266
0
0
0
0
0
0
0
0
0
0
0
0
0
0
0
0
0
0
0
0
0
0
0
0
0
0
0
0
0
0
0
0
0
0
0
0
0
0
0
0
0
0
0
0
0
0
0
0
0
0
0
0
0
0
0
0
0
0
0
0
0
0
0
0
0
0
0
0
0
0
0
0
0
0
0
0
0
0
0
0
0
0
0
0
0
0
